\BOOKMARK [0][-]{chapter*.2}{Lista de Figuras}{}% 1
\BOOKMARK [0][-]{chapter*.3}{Lista de Tabelas}{}% 2
\BOOKMARK [0][-]{chapter*.4}{Lista de Abreviaturas}{}% 3
\BOOKMARK [0][-]{chapter.1}{Introdu\347\343o}{}% 4
\BOOKMARK [1][-]{section.1.1}{Sistema utilizado}{chapter.1}% 5
\BOOKMARK [1][-]{section.1.2}{Resposta do sistema}{chapter.1}% 6
\BOOKMARK [0][-]{chapter.2}{Dados Pseudo-Experimentais}{}% 7
\BOOKMARK [1][-]{section.2.1}{Resposta do sistema no tempo}{chapter.2}% 8
\BOOKMARK [1][-]{section.2.2}{Adi\347\343o do ru\355do}{chapter.2}% 9
\BOOKMARK [0][-]{chapter.3}{Projeto do Filtro Adaptativo}{}% 10
\BOOKMARK [1][-]{section.3.1}{Algoritmo LMS}{chapter.3}% 11
\BOOKMARK [1][-]{section.3.2}{Implementa\347\343o do filtro}{chapter.3}% 12
\BOOKMARK [0][-]{chapter.4}{Resultados e Discuss\365es}{}% 13
\BOOKMARK [1][-]{section.4.1}{Resultados para \040F0 }{chapter.4}% 14
\BOOKMARK [2][-]{subsection.4.1.1}{Adapta\347\343o do filtro}{section.4.1}% 15
\BOOKMARK [2][-]{subsection.4.1.2}{FRF do filtro}{section.4.1}% 16
\BOOKMARK [2][-]{subsection.4.1.3}{Predi\347\343o}{section.4.1}% 17
\BOOKMARK [1][-]{section.4.2}{Resultados para \040F1 }{chapter.4}% 18
\BOOKMARK [2][-]{subsection.4.2.1}{Adapta\347\343o do filtro}{section.4.2}% 19
\BOOKMARK [2][-]{subsection.4.2.2}{FRF do filtro}{section.4.2}% 20
\BOOKMARK [2][-]{subsection.4.2.3}{Predi\347\343o}{section.4.2}% 21
\BOOKMARK [1][-]{section.4.3}{Resultados para \040F2 }{chapter.4}% 22
\BOOKMARK [2][-]{subsection.4.3.1}{Adapta\347\343o do filtro}{section.4.3}% 23
\BOOKMARK [2][-]{subsection.4.3.2}{FRF do filtro}{section.4.3}% 24
\BOOKMARK [2][-]{subsection.4.3.3}{Predi\347\343o}{section.4.3}% 25
\BOOKMARK [0][-]{chapter.5}{Conclus\365es}{}% 26
\BOOKMARK [0][-]{chapter*.42}{Refer\352ncias Bibliogr\341ficas}{}% 27
\BOOKMARK [0][-]{appendix.A}{C\363digo utilizado}{}% 28
